<?xml version="1.0" encoding="UTF-8"?>
<testng-results skipped="0" failed="0" ignored="0" total="1" passed="1">
  <reporter-output>
  </reporter-output>
  <suite name="Default suite" duration-ms="54764" started-at="2019-08-15T07:32:07Z" finished-at="2019-08-15T07:33:02Z">
    <groups>
    </groups>
    <test name="Default test" duration-ms="54764" started-at="2019-08-15T07:32:07Z" finished-at="2019-08-15T07:33:02Z">
      <class name="Assignment.Scenerio8">
        <test-method status="PASS" signature="m8()[pri:0, instance:Assignment.Scenerio8@5419f379]" name="m8" duration-ms="54708" started-at="2019-08-15T07:32:07Z" finished-at="2019-08-15T07:33:02Z">
          <reporter-output>
          </reporter-output>
        </test-method> <!-- m8 -->
      </class> <!-- Assignment.Scenerio8 -->
    </test> <!-- Default test -->
  </suite> <!-- Default suite -->
</testng-results>
