<?xml version="1.0" encoding="UTF-8"?>
<testng-results skipped="0" failed="0" ignored="0" total="1" passed="1">
  <reporter-output>
  </reporter-output>
  <suite name="Default suite" duration-ms="24715" started-at="2019-08-15T07:59:40Z" finished-at="2019-08-15T08:00:05Z">
    <groups>
    </groups>
    <test name="Default test" duration-ms="24715" started-at="2019-08-15T07:59:40Z" finished-at="2019-08-15T08:00:05Z">
      <class name="Assignment.Scenerio14">
        <test-method status="PASS" signature="a1()[pri:0, instance:Assignment.Scenerio14@5419f379]" name="a1" duration-ms="24652" started-at="2019-08-15T07:59:40Z" finished-at="2019-08-15T08:00:05Z">
          <reporter-output>
          </reporter-output>
        </test-method> <!-- a1 -->
      </class> <!-- Assignment.Scenerio14 -->
    </test> <!-- Default test -->
  </suite> <!-- Default suite -->
</testng-results>
